<?xml version="1.0" encoding="UTF-8"?>
<testng-results ignored="0" total="12" passed="9" failed="0" skipped="3">
  <reporter-output>
    <line>
      <![CDATA[createTask]]>
    </line>
    <line>
      <![CDATA[deleteTask]]>
    </line>
    <line>
      <![CDATA[modifyTask]]>
    </line>
    <line>
      <![CDATA[createReport]]>
    </line>
    <line>
      <![CDATA[deleteReport]]>
    </line>
    <line>
      <![CDATA[modifyReport]]>
    </line>
    <line>
      <![CDATA[createTask]]>
    </line>
    <line>
      <![CDATA[deleteTask]]>
    </line>
    <line>
      <![CDATA[modifyTask]]>
    </line>
  </reporter-output>
  <suite started-at="2023-08-07T13:53:06 IST" name="Suite" finished-at="2023-08-07T13:53:06 IST" duration-ms="94">
    <groups>
      <group name="regressionTest">
        <method signature="ProjectModule.createTask()[pri:0, instance:com.actitime.testscript.ProjectModule@2a65fe7c]" name="createTask" class="com.actitime.testscript.ProjectModule"/>
        <method signature="ProjectModule.deleteTask()[pri:0, instance:com.actitime.testscript.ProjectModule@2a65fe7c]" name="deleteTask" class="com.actitime.testscript.ProjectModule"/>
        <method signature="ProjectModule.modifyTask()[pri:0, instance:com.actitime.testscript.ProjectModule@2a65fe7c]" name="modifyTask" class="com.actitime.testscript.ProjectModule"/>
        <method signature="ReporterModule.createReport()[pri:0, instance:com.actitime.testscript.ReporterModule@7c7b252e]" name="createReport" class="com.actitime.testscript.ReporterModule"/>
        <method signature="ReporterModule.deleteReport()[pri:0, instance:com.actitime.testscript.ReporterModule@7c7b252e]" name="deleteReport" class="com.actitime.testscript.ReporterModule"/>
        <method signature="ReporterModule.modifyReport()[pri:0, instance:com.actitime.testscript.ReporterModule@7c7b252e]" name="modifyReport" class="com.actitime.testscript.ReporterModule"/>
        <method signature="CustomerModule.createTask()[pri:0, instance:com.actitime.testscript.CustomerModule@2cd76f31]" name="createTask" class="com.actitime.testscript.CustomerModule"/>
        <method signature="CustomerModule.deleteTask()[pri:0, instance:com.actitime.testscript.CustomerModule@2cd76f31]" name="deleteTask" class="com.actitime.testscript.CustomerModule"/>
        <method signature="CustomerModule.modifyTask()[pri:0, instance:com.actitime.testscript.CustomerModule@2cd76f31]" name="modifyTask" class="com.actitime.testscript.CustomerModule"/>
        <method signature="TaskModule.createTask()[pri:0, instance:com.actitime.testscript.TaskModule@367ffa75]" name="createTask" class="com.actitime.testscript.TaskModule"/>
        <method signature="TaskModule.deleteTask()[pri:0, instance:com.actitime.testscript.TaskModule@367ffa75]" name="deleteTask" class="com.actitime.testscript.TaskModule"/>
        <method signature="TaskModule.modifyTask()[pri:0, instance:com.actitime.testscript.TaskModule@367ffa75]" name="modifyTask" class="com.actitime.testscript.TaskModule"/>
      </group> <!-- regressionTest -->
      <group name="smokeTest">
        <method signature="ProjectModule.createTask()[pri:0, instance:com.actitime.testscript.ProjectModule@2a65fe7c]" name="createTask" class="com.actitime.testscript.ProjectModule"/>
        <method signature="ReporterModule.createReport()[pri:0, instance:com.actitime.testscript.ReporterModule@7c7b252e]" name="createReport" class="com.actitime.testscript.ReporterModule"/>
        <method signature="CustomerModule.createTask()[pri:0, instance:com.actitime.testscript.CustomerModule@2cd76f31]" name="createTask" class="com.actitime.testscript.CustomerModule"/>
        <method signature="TaskModule.createTask()[pri:0, instance:com.actitime.testscript.TaskModule@367ffa75]" name="createTask" class="com.actitime.testscript.TaskModule"/>
      </group> <!-- smokeTest -->
    </groups>
    <test started-at="2023-08-07T13:53:06 IST" name="TestBlock1" finished-at="2023-08-07T13:53:06 IST" duration-ms="83">
      <class name="com.actitime.testscript.ProjectModule">
        <test-method signature="createTask()[pri:0, instance:com.actitime.testscript.ProjectModule@2a65fe7c]" started-at="2023-08-07T13:53:06 IST" name="createTask" finished-at="2023-08-07T13:53:06 IST" duration-ms="10" status="PASS">
          <reporter-output>
            <line>
              <![CDATA[createTask]]>
            </line>
          </reporter-output>
        </test-method> <!-- createTask -->
        <test-method signature="deleteTask()[pri:0, instance:com.actitime.testscript.ProjectModule@2a65fe7c]" started-at="2023-08-07T13:53:06 IST" name="deleteTask" finished-at="2023-08-07T13:53:06 IST" duration-ms="3" status="PASS">
          <reporter-output>
            <line>
              <![CDATA[deleteTask]]>
            </line>
          </reporter-output>
        </test-method> <!-- deleteTask -->
        <test-method signature="modifyTask()[pri:0, instance:com.actitime.testscript.ProjectModule@2a65fe7c]" started-at="2023-08-07T13:53:06 IST" name="modifyTask" finished-at="2023-08-07T13:53:06 IST" duration-ms="1" status="PASS">
          <reporter-output>
            <line>
              <![CDATA[modifyTask]]>
            </line>
          </reporter-output>
        </test-method> <!-- modifyTask -->
      </class> <!-- com.actitime.testscript.ProjectModule -->
      <class name="com.actitime.testscript.ReporterModule">
        <test-method signature="createReport()[pri:0, instance:com.actitime.testscript.ReporterModule@7c7b252e]" started-at="2023-08-07T13:53:06 IST" name="createReport" finished-at="2023-08-07T13:53:06 IST" duration-ms="1" status="PASS">
          <reporter-output>
            <line>
              <![CDATA[createReport]]>
            </line>
          </reporter-output>
        </test-method> <!-- createReport -->
        <test-method signature="deleteReport()[pri:0, instance:com.actitime.testscript.ReporterModule@7c7b252e]" started-at="2023-08-07T13:53:06 IST" name="deleteReport" finished-at="2023-08-07T13:53:06 IST" duration-ms="2" status="PASS">
          <reporter-output>
            <line>
              <![CDATA[deleteReport]]>
            </line>
          </reporter-output>
        </test-method> <!-- deleteReport -->
        <test-method signature="modifyReport()[pri:0, instance:com.actitime.testscript.ReporterModule@7c7b252e]" started-at="2023-08-07T13:53:06 IST" name="modifyReport" finished-at="2023-08-07T13:53:06 IST" duration-ms="3" status="PASS">
          <reporter-output>
            <line>
              <![CDATA[modifyReport]]>
            </line>
          </reporter-output>
        </test-method> <!-- modifyReport -->
      </class> <!-- com.actitime.testscript.ReporterModule -->
    </test> <!-- TestBlock1 -->
    <test started-at="2023-08-07T13:53:06 IST" name="TestBlock2" finished-at="2023-08-07T13:53:06 IST" duration-ms="94">
      <class name="com.actitime.testscript.CustomerModule">
        <test-method is-config="true" signature="openBrowser(java.lang.String)[pri:0, instance:com.actitime.testscript.CustomerModule@2cd76f31]" started-at="2023-08-07T13:53:06 IST" name="openBrowser" finished-at="1970-01-01T05:30:00 IST" duration-ms="-1691396586590" status="FAIL">
          <exception class="org.testng.TestNGException">
            <message>
              <![CDATA[
Parameter 'browser' is required by BeforeTest on method openBrowser but has not been marked @Optional or defined
in D:\MyEclipse\DistributedParallelExecution\testng.xml]]>
            </message>
            <full-stacktrace>
              <![CDATA[org.testng.TestNGException: 
Parameter 'browser' is required by BeforeTest on method openBrowser but has not been marked @Optional or defined
in D:\MyEclipse\DistributedParallelExecution\testng.xml
at org.testng.internal.Parameters.createParams(Parameters.java:267)
at org.testng.internal.Parameters.createParametersForMethod(Parameters.java:355)
at org.testng.internal.Parameters.createParameters(Parameters.java:684)
at org.testng.internal.Parameters.createConfigurationParameters(Parameters.java:166)
at org.testng.internal.invokers.ConfigInvoker.invokeConfigurations(ConfigInvoker.java:306)
at org.testng.TestRunner.invokeTestConfigurations(TestRunner.java:663)
at org.testng.TestRunner.beforeRun(TestRunner.java:652)
at org.testng.TestRunner.run(TestRunner.java:614)
at org.testng.SuiteRunner.runTest(SuiteRunner.java:443)
at org.testng.SuiteRunner$SuiteWorker.run(SuiteRunner.java:481)
at org.testng.internal.thread.ThreadUtil.lambda$execute$0(ThreadUtil.java:58)
at java.base/java.util.concurrent.FutureTask.run(FutureTask.java:317)
at java.base/java.util.concurrent.ThreadPoolExecutor.runWorker(ThreadPoolExecutor.java:1144)
at java.base/java.util.concurrent.ThreadPoolExecutor$Worker.run(ThreadPoolExecutor.java:642)
at java.base/java.lang.Thread.run(Thread.java:1623)
]]>
            </full-stacktrace>
          </exception> <!-- org.testng.TestNGException -->
          <reporter-output>
          </reporter-output>
        </test-method> <!-- openBrowser -->
        <test-method is-config="true" signature="login()[pri:0, instance:com.actitime.testscript.CustomerModule@2cd76f31]" started-at="2023-08-07T13:53:06 IST" name="login" finished-at="2023-08-07T13:53:06 IST" duration-ms="0" status="SKIP">
          <reporter-output>
          </reporter-output>
        </test-method> <!-- login -->
        <test-method signature="createTask()[pri:0, instance:com.actitime.testscript.CustomerModule@2cd76f31]" started-at="2023-08-07T13:53:06 IST" name="createTask" finished-at="2023-08-07T13:53:06 IST" duration-ms="1" status="SKIP">
          <exception class="org.testng.TestNGException">
            <message>
              <![CDATA[
Parameter 'browser' is required by BeforeTest on method openBrowser but has not been marked @Optional or defined
in D:\MyEclipse\DistributedParallelExecution\testng.xml]]>
            </message>
            <full-stacktrace>
              <![CDATA[org.testng.TestNGException: 
Parameter 'browser' is required by BeforeTest on method openBrowser but has not been marked @Optional or defined
in D:\MyEclipse\DistributedParallelExecution\testng.xml
at org.testng.internal.Parameters.createParams(Parameters.java:267)
at org.testng.internal.Parameters.createParametersForMethod(Parameters.java:355)
at org.testng.internal.Parameters.createParameters(Parameters.java:684)
at org.testng.internal.Parameters.createConfigurationParameters(Parameters.java:166)
at org.testng.internal.invokers.ConfigInvoker.invokeConfigurations(ConfigInvoker.java:306)
at org.testng.TestRunner.invokeTestConfigurations(TestRunner.java:663)
at org.testng.TestRunner.beforeRun(TestRunner.java:652)
at org.testng.TestRunner.run(TestRunner.java:614)
at org.testng.SuiteRunner.runTest(SuiteRunner.java:443)
at org.testng.SuiteRunner$SuiteWorker.run(SuiteRunner.java:481)
at org.testng.internal.thread.ThreadUtil.lambda$execute$0(ThreadUtil.java:58)
at java.base/java.util.concurrent.FutureTask.run(FutureTask.java:317)
at java.base/java.util.concurrent.ThreadPoolExecutor.runWorker(ThreadPoolExecutor.java:1144)
at java.base/java.util.concurrent.ThreadPoolExecutor$Worker.run(ThreadPoolExecutor.java:642)
at java.base/java.lang.Thread.run(Thread.java:1623)
]]>
            </full-stacktrace>
          </exception> <!-- org.testng.TestNGException -->
          <reporter-output>
          </reporter-output>
        </test-method> <!-- createTask -->
        <test-method is-config="true" signature="logout()[pri:0, instance:com.actitime.testscript.CustomerModule@2cd76f31]" started-at="2023-08-07T13:53:06 IST" name="logout" finished-at="2023-08-07T13:53:06 IST" duration-ms="0" status="SKIP">
          <reporter-output>
          </reporter-output>
        </test-method> <!-- logout -->
        <test-method is-config="true" signature="login()[pri:0, instance:com.actitime.testscript.CustomerModule@2cd76f31]" started-at="2023-08-07T13:53:06 IST" name="login" finished-at="2023-08-07T13:53:06 IST" duration-ms="0" status="SKIP">
          <reporter-output>
          </reporter-output>
        </test-method> <!-- login -->
        <test-method signature="deleteTask()[pri:0, instance:com.actitime.testscript.CustomerModule@2cd76f31]" started-at="2023-08-07T13:53:06 IST" name="deleteTask" finished-at="2023-08-07T13:53:06 IST" duration-ms="0" status="SKIP">
          <exception class="org.testng.TestNGException">
            <message>
              <![CDATA[
Parameter 'browser' is required by BeforeTest on method openBrowser but has not been marked @Optional or defined
in D:\MyEclipse\DistributedParallelExecution\testng.xml]]>
            </message>
            <full-stacktrace>
              <![CDATA[org.testng.TestNGException: 
Parameter 'browser' is required by BeforeTest on method openBrowser but has not been marked @Optional or defined
in D:\MyEclipse\DistributedParallelExecution\testng.xml
at org.testng.internal.Parameters.createParams(Parameters.java:267)
at org.testng.internal.Parameters.createParametersForMethod(Parameters.java:355)
at org.testng.internal.Parameters.createParameters(Parameters.java:684)
at org.testng.internal.Parameters.createConfigurationParameters(Parameters.java:166)
at org.testng.internal.invokers.ConfigInvoker.invokeConfigurations(ConfigInvoker.java:306)
at org.testng.TestRunner.invokeTestConfigurations(TestRunner.java:663)
at org.testng.TestRunner.beforeRun(TestRunner.java:652)
at org.testng.TestRunner.run(TestRunner.java:614)
at org.testng.SuiteRunner.runTest(SuiteRunner.java:443)
at org.testng.SuiteRunner$SuiteWorker.run(SuiteRunner.java:481)
at org.testng.internal.thread.ThreadUtil.lambda$execute$0(ThreadUtil.java:58)
at java.base/java.util.concurrent.FutureTask.run(FutureTask.java:317)
at java.base/java.util.concurrent.ThreadPoolExecutor.runWorker(ThreadPoolExecutor.java:1144)
at java.base/java.util.concurrent.ThreadPoolExecutor$Worker.run(ThreadPoolExecutor.java:642)
at java.base/java.lang.Thread.run(Thread.java:1623)
]]>
            </full-stacktrace>
          </exception> <!-- org.testng.TestNGException -->
          <reporter-output>
          </reporter-output>
        </test-method> <!-- deleteTask -->
        <test-method is-config="true" signature="logout()[pri:0, instance:com.actitime.testscript.CustomerModule@2cd76f31]" started-at="2023-08-07T13:53:06 IST" name="logout" finished-at="2023-08-07T13:53:06 IST" duration-ms="0" status="SKIP">
          <reporter-output>
          </reporter-output>
        </test-method> <!-- logout -->
        <test-method is-config="true" signature="login()[pri:0, instance:com.actitime.testscript.CustomerModule@2cd76f31]" started-at="2023-08-07T13:53:06 IST" name="login" finished-at="2023-08-07T13:53:06 IST" duration-ms="0" status="SKIP">
          <reporter-output>
          </reporter-output>
        </test-method> <!-- login -->
        <test-method signature="modifyTask()[pri:0, instance:com.actitime.testscript.CustomerModule@2cd76f31]" started-at="2023-08-07T13:53:06 IST" name="modifyTask" finished-at="2023-08-07T13:53:06 IST" duration-ms="0" status="SKIP">
          <exception class="org.testng.TestNGException">
            <message>
              <![CDATA[
Parameter 'browser' is required by BeforeTest on method openBrowser but has not been marked @Optional or defined
in D:\MyEclipse\DistributedParallelExecution\testng.xml]]>
            </message>
            <full-stacktrace>
              <![CDATA[org.testng.TestNGException: 
Parameter 'browser' is required by BeforeTest on method openBrowser but has not been marked @Optional or defined
in D:\MyEclipse\DistributedParallelExecution\testng.xml
at org.testng.internal.Parameters.createParams(Parameters.java:267)
at org.testng.internal.Parameters.createParametersForMethod(Parameters.java:355)
at org.testng.internal.Parameters.createParameters(Parameters.java:684)
at org.testng.internal.Parameters.createConfigurationParameters(Parameters.java:166)
at org.testng.internal.invokers.ConfigInvoker.invokeConfigurations(ConfigInvoker.java:306)
at org.testng.TestRunner.invokeTestConfigurations(TestRunner.java:663)
at org.testng.TestRunner.beforeRun(TestRunner.java:652)
at org.testng.TestRunner.run(TestRunner.java:614)
at org.testng.SuiteRunner.runTest(SuiteRunner.java:443)
at org.testng.SuiteRunner$SuiteWorker.run(SuiteRunner.java:481)
at org.testng.internal.thread.ThreadUtil.lambda$execute$0(ThreadUtil.java:58)
at java.base/java.util.concurrent.FutureTask.run(FutureTask.java:317)
at java.base/java.util.concurrent.ThreadPoolExecutor.runWorker(ThreadPoolExecutor.java:1144)
at java.base/java.util.concurrent.ThreadPoolExecutor$Worker.run(ThreadPoolExecutor.java:642)
at java.base/java.lang.Thread.run(Thread.java:1623)
]]>
            </full-stacktrace>
          </exception> <!-- org.testng.TestNGException -->
          <reporter-output>
          </reporter-output>
        </test-method> <!-- modifyTask -->
        <test-method is-config="true" signature="logout()[pri:0, instance:com.actitime.testscript.CustomerModule@2cd76f31]" started-at="2023-08-07T13:53:06 IST" name="logout" finished-at="2023-08-07T13:53:06 IST" duration-ms="0" status="SKIP">
          <reporter-output>
          </reporter-output>
        </test-method> <!-- logout -->
        <test-method is-config="true" signature="closeBrowser()[pri:0, instance:com.actitime.testscript.CustomerModule@2cd76f31]" started-at="2023-08-07T13:53:06 IST" name="closeBrowser" finished-at="2023-08-07T13:53:06 IST" duration-ms="0" status="SKIP">
          <reporter-output>
          </reporter-output>
        </test-method> <!-- closeBrowser -->
      </class> <!-- com.actitime.testscript.CustomerModule -->
      <class name="com.actitime.testscript.TaskModule">
        <test-method signature="createTask()[pri:0, instance:com.actitime.testscript.TaskModule@367ffa75]" started-at="2023-08-07T13:53:06 IST" name="createTask" finished-at="2023-08-07T13:53:06 IST" duration-ms="3" status="PASS">
          <reporter-output>
            <line>
              <![CDATA[createTask]]>
            </line>
          </reporter-output>
        </test-method> <!-- createTask -->
        <test-method signature="deleteTask()[pri:0, instance:com.actitime.testscript.TaskModule@367ffa75]" started-at="2023-08-07T13:53:06 IST" name="deleteTask" finished-at="2023-08-07T13:53:06 IST" duration-ms="3" status="PASS">
          <reporter-output>
            <line>
              <![CDATA[deleteTask]]>
            </line>
          </reporter-output>
        </test-method> <!-- deleteTask -->
        <test-method signature="modifyTask()[pri:0, instance:com.actitime.testscript.TaskModule@367ffa75]" started-at="2023-08-07T13:53:06 IST" name="modifyTask" finished-at="2023-08-07T13:53:06 IST" duration-ms="1" status="PASS">
          <reporter-output>
            <line>
              <![CDATA[modifyTask]]>
            </line>
          </reporter-output>
        </test-method> <!-- modifyTask -->
      </class> <!-- com.actitime.testscript.TaskModule -->
    </test> <!-- TestBlock2 -->
  </suite> <!-- Suite -->
</testng-results>
