<?xml version="1.0" encoding="UTF-8"?>
<!-- Generated by org.testng.reporters.JUnitReportReporter -->
<testsuite hostname="LAPTOP-BFL3PLL7" failures="0" tests="4" name="com.actitime.testscript.CustomerModule" time="-1691396608.000" errors="1" timestamp="2023-08-07T13:53:06 IST" skipped="3">
  <testcase classname="com.actitime.testscript.CustomerModule" name="createTask" time="0.001">
    <skipped/>
  </testcase> <!-- createTask -->
  <testcase classname="com.actitime.testscript.CustomerModule" name="modifyTask" time="0.000">
    <skipped/>
  </testcase> <!-- modifyTask -->
  <testcase classname="com.actitime.testscript.CustomerModule" name="openBrowser" time="-1691396608.000">
    <error message="
Parameter &#039;browser&#039; is required by BeforeTest on method openBrowser but has not been marked @Optional or defined
in D:\MyEclipse\DistributedParallelExecution\testng.xml" type="org.testng.TestNGException">
      <![CDATA[org.testng.TestNGException: 
Parameter 'browser' is required by BeforeTest on method openBrowser but has not been marked @Optional or defined
in D:\MyEclipse\DistributedParallelExecution\testng.xml
at org.testng.internal.Parameters.createParams(Parameters.java:267)
at org.testng.internal.Parameters.createParametersForMethod(Parameters.java:355)
at org.testng.internal.Parameters.createParameters(Parameters.java:684)
at org.testng.internal.Parameters.createConfigurationParameters(Parameters.java:166)
at org.testng.internal.invokers.ConfigInvoker.invokeConfigurations(ConfigInvoker.java:306)
at org.testng.TestRunner.invokeTestConfigurations(TestRunner.java:663)
at org.testng.TestRunner.beforeRun(TestRunner.java:652)
at org.testng.TestRunner.run(TestRunner.java:614)
at org.testng.SuiteRunner.runTest(SuiteRunner.java:443)
at org.testng.SuiteRunner$SuiteWorker.run(SuiteRunner.java:481)
at org.testng.internal.thread.ThreadUtil.lambda$execute$0(ThreadUtil.java:58)
at java.base/java.util.concurrent.FutureTask.run(FutureTask.java:317)
at java.base/java.util.concurrent.ThreadPoolExecutor.runWorker(ThreadPoolExecutor.java:1144)
at java.base/java.util.concurrent.ThreadPoolExecutor$Worker.run(ThreadPoolExecutor.java:642)
at java.base/java.lang.Thread.run(Thread.java:1623)
]]>
    </error>
  </testcase> <!-- openBrowser -->
  <testcase classname="com.actitime.testscript.CustomerModule" name="deleteTask" time="0.000">
    <skipped/>
  </testcase> <!-- deleteTask -->
  <system-out>
    <![CDATA[createTask
deleteTask
modifyTask
createReport
deleteReport
modifyReport
createTask
deleteTask
modifyTask]]>
  </system-out>
</testsuite> <!-- com.actitime.testscript.CustomerModule -->
